<?xml version="1.0" encoding="UTF-8"?>
<testng-results skipped="0" failed="0" ignored="0" total="1" passed="1">
  <reporter-output>
  </reporter-output>
  <suite name="qa.tests.LoginTest" duration-ms="44" started-at="2020-05-06T18:19:21Z" finished-at="2020-05-06T18:19:21Z">
    <groups>
    </groups>
    <test name="Command line test" duration-ms="44" started-at="2020-05-06T18:19:21Z" finished-at="2020-05-06T18:19:21Z">
      <class name="qa.tests.LoginTest">
        <test-method status="PASS" signature="test1()[pri:0, instance:qa.tests.LoginTest@7f690630]" name="test1" duration-ms="13" started-at="2020-05-06T18:19:21Z" finished-at="2020-05-06T18:19:21Z">
          <reporter-output>
          </reporter-output>
        </test-method> <!-- test1 -->
      </class> <!-- qa.tests.LoginTest -->
    </test> <!-- Command line test -->
  </suite> <!-- qa.tests.LoginTest -->
</testng-results>
