<?xml version="1.0" encoding="UTF-8"?>
<testng-results skipped="0" failed="0" ignored="0" total="1" passed="1">
  <reporter-output>
  </reporter-output>
  <suite name="Default suite" duration-ms="108" started-at="2020-05-06T17:28:31Z" finished-at="2020-05-06T17:28:32Z">
    <groups>
    </groups>
    <test name="Default test" duration-ms="108" started-at="2020-05-06T17:28:31Z" finished-at="2020-05-06T17:28:32Z">
      <class name="qa.tests.LoginTest">
        <test-method status="PASS" signature="test1()[pri:0, instance:qa.tests.LoginTest@1b083826]" name="test1" duration-ms="47" started-at="2020-05-06T17:28:32Z" finished-at="2020-05-06T17:28:32Z">
          <reporter-output>
          </reporter-output>
        </test-method> <!-- test1 -->
      </class> <!-- qa.tests.LoginTest -->
    </test> <!-- Default test -->
  </suite> <!-- Default suite -->
</testng-results>
